<?xml version="1.0" encoding="UTF-8"?>
<!-- Generated by org.testng.reporters.JUnitReportReporter -->
<testsuite skipped="0" hostname="QM-WIN-JKU" name="com.test.automation.testCases.TestCases" tests="7" failures="0" timestamp="2021-04-11T19:48:00 CEST" time="8.171" errors="0">
  <testcase name="test_incorrectData_post" time="0.347" classname="com.test.automation.testCases.TestCases"/>
  <system-out/>
  <testcase name="test_incorrectData_post" time="0.366" classname="com.test.automation.testCases.TestCases"/>
  <system-out/>
  <testcase name="test_incorrectData_post" time="0.435" classname="com.test.automation.testCases.TestCases"/>
  <system-out/>
  <testcase name="test_incorrectData_post" time="0.375" classname="com.test.automation.testCases.TestCases"/>
  <system-out/>
  <testcase name="test_incorrectData_post" time="0.356" classname="com.test.automation.testCases.TestCases"/>
  <system-out/>
  <testcase name="test_incorrectData_post" time="0.374" classname="com.test.automation.testCases.TestCases"/>
  <system-out/>
  <testcase name="test_incorrectData_post" time="5.918" classname="com.test.automation.testCases.TestCases"/>
  <system-out/>
</testsuite> <!-- com.test.automation.testCases.TestCases -->
