<?xml version="1.0" encoding="UTF-8"?>
<!-- Generated by org.testng.reporters.JUnitReportReporter -->
<testsuite skipped="0" hostname="QM-WIN-JKU" name="com.test.automation.testCases.postiveTestCases" tests="7" failures="0" timestamp="2021-04-11T19:41:49 CEST" time="8.297" errors="0">
  <testcase name="test_incorrectData_post" time="0.368" classname="com.test.automation.testCases.postiveTestCases"/>
  <system-out/>
  <testcase name="test_incorrectData_post" time="0.374" classname="com.test.automation.testCases.postiveTestCases"/>
  <system-out/>
  <testcase name="test_incorrectData_post" time="0.371" classname="com.test.automation.testCases.postiveTestCases"/>
  <system-out/>
  <testcase name="test_incorrectData_post" time="0.392" classname="com.test.automation.testCases.postiveTestCases"/>
  <system-out/>
  <testcase name="test_incorrectData_post" time="0.381" classname="com.test.automation.testCases.postiveTestCases"/>
  <system-out/>
  <testcase name="test_incorrectData_post" time="0.504" classname="com.test.automation.testCases.postiveTestCases"/>
  <system-out/>
  <testcase name="test_incorrectData_post" time="5.907" classname="com.test.automation.testCases.postiveTestCases"/>
  <system-out/>
</testsuite> <!-- com.test.automation.testCases.postiveTestCases -->
