<?xml version="1.0" encoding="UTF-8"?>
<!-- Generated by org.testng.reporters.JUnitReportReporter -->
<testsuite skipped="0" hostname="QM-WIN-JKU" name="com.test.automation.testCases.TestCases" tests="7" failures="0" timestamp="2021-04-11T19:50:58 CEST" time="11.368" errors="0">
  <testcase name="test_incorrectData_post" time="9.143" classname="com.test.automation.testCases.TestCases"/>
  <system-out/>
  <testcase name="test_incorrectData_post" time="0.332" classname="com.test.automation.testCases.TestCases"/>
  <system-out/>
  <testcase name="test_incorrectData_post" time="0.395" classname="com.test.automation.testCases.TestCases"/>
  <system-out/>
  <testcase name="test_incorrectData_post" time="0.368" classname="com.test.automation.testCases.TestCases"/>
  <system-out/>
  <testcase name="test_incorrectData_post" time="0.333" classname="com.test.automation.testCases.TestCases"/>
  <system-out/>
  <testcase name="test_incorrectData_post" time="0.441" classname="com.test.automation.testCases.TestCases"/>
  <system-out/>
  <testcase name="test_incorrectData_post" time="0.356" classname="com.test.automation.testCases.TestCases"/>
  <system-out/>
</testsuite> <!-- com.test.automation.testCases.TestCases -->
